{"total": {"lines":{"total":1510,"covered":1102,"skipped":0,"pct":72.98},"statements":{"total":1673,"covered":1223,"skipped":0,"pct":73.1},"functions":{"total":247,"covered":208,"skipped":0,"pct":84.21},"branches":{"total":919,"covered":501,"skipped":0,"pct":54.51},"branchesTrue":{"total":0,"covered":0,"skipped":0,"pct":100}}
,"C:\\Kuliah ITHB\\Sem 6\\Testing\\Tubes_Testing\\src\\backend\\app.ts": {"lines":{"total":42,"covered":42,"skipped":0,"pct":100},"functions":{"total":1,"covered":1,"skipped":0,"pct":100},"statements":{"total":42,"covered":42,"skipped":0,"pct":100},"branches":{"total":0,"covered":0,"skipped":0,"pct":100}}
,"C:\\Kuliah ITHB\\Sem 6\\Testing\\Tubes_Testing\\src\\backend\\routes\\applyJobRoutes.ts": {"lines":{"total":203,"covered":156,"skipped":0,"pct":76.84},"functions":{"total":33,"covered":28,"skipped":0,"pct":84.84},"statements":{"total":237,"covered":172,"skipped":0,"pct":72.57},"branches":{"total":160,"covered":86,"skipped":0,"pct":53.75}}
,"C:\\Kuliah ITHB\\Sem 6\\Testing\\Tubes_Testing\\src\\backend\\routes\\chatRoutes.ts": {"lines":{"total":329,"covered":215,"skipped":0,"pct":65.34},"functions":{"total":51,"covered":40,"skipped":0,"pct":78.43},"statements":{"total":356,"covered":236,"skipped":0,"pct":66.29},"branches":{"total":163,"covered":71,"skipped":0,"pct":43.55}}
,"C:\\Kuliah ITHB\\Sem 6\\Testing\\Tubes_Testing\\src\\backend\\routes\\companyRoutes.ts": {"lines":{"total":46,"covered":20,"skipped":0,"pct":43.47},"functions":{"total":7,"covered":2,"skipped":0,"pct":28.57},"statements":{"total":49,"covered":21,"skipped":0,"pct":42.85},"branches":{"total":18,"covered":2,"skipped":0,"pct":11.11}}
,"C:\\Kuliah ITHB\\Sem 6\\Testing\\Tubes_Testing\\src\\backend\\routes\\createPostRoutes.ts": {"lines":{"total":153,"covered":124,"skipped":0,"pct":81.04},"functions":{"total":25,"covered":25,"skipped":0,"pct":100},"statements":{"total":166,"covered":137,"skipped":0,"pct":82.53},"branches":{"total":141,"covered":85,"skipped":0,"pct":60.28}}
,"C:\\Kuliah ITHB\\Sem 6\\Testing\\Tubes_Testing\\src\\backend\\routes\\experiencesRoutes.ts": {"lines":{"total":223,"covered":181,"skipped":0,"pct":81.16},"functions":{"total":36,"covered":36,"skipped":0,"pct":100},"statements":{"total":245,"covered":203,"skipped":0,"pct":82.85},"branches":{"total":148,"covered":93,"skipped":0,"pct":62.83}}
,"C:\\Kuliah ITHB\\Sem 6\\Testing\\Tubes_Testing\\src\\backend\\routes\\profileRoutes.ts": {"lines":{"total":190,"covered":156,"skipped":0,"pct":82.1},"functions":{"total":37,"covered":37,"skipped":0,"pct":100},"statements":{"total":221,"covered":186,"skipped":0,"pct":84.16},"branches":{"total":123,"covered":73,"skipped":0,"pct":59.34}}
,"C:\\Kuliah ITHB\\Sem 6\\Testing\\Tubes_Testing\\src\\backend\\routes\\registerLoginRoutes.ts": {"lines":{"total":145,"covered":135,"skipped":0,"pct":93.1},"functions":{"total":18,"covered":18,"skipped":0,"pct":100},"statements":{"total":156,"covered":146,"skipped":0,"pct":93.58},"branches":{"total":75,"covered":63,"skipped":0,"pct":84}}
,"C:\\Kuliah ITHB\\Sem 6\\Testing\\Tubes_Testing\\src\\backend\\routes\\skillsRoutes.ts": {"lines":{"total":45,"covered":42,"skipped":0,"pct":93.33},"functions":{"total":13,"covered":12,"skipped":0,"pct":92.3},"statements":{"total":51,"covered":47,"skipped":0,"pct":92.15},"branches":{"total":24,"covered":16,"skipped":0,"pct":66.66}}
,"C:\\Kuliah ITHB\\Sem 6\\Testing\\Tubes_Testing\\src\\middleware\\Auth.ts": {"lines":{"total":20,"covered":15,"skipped":0,"pct":75},"functions":{"total":2,"covered":2,"skipped":0,"pct":100},"statements":{"total":20,"covered":15,"skipped":0,"pct":75},"branches":{"total":12,"covered":9,"skipped":0,"pct":75}}
,"C:\\Kuliah ITHB\\Sem 6\\Testing\\Tubes_Testing\\src\\middleware\\errorHandler.ts": {"lines":{"total":4,"covered":4,"skipped":0,"pct":100},"functions":{"total":1,"covered":1,"skipped":0,"pct":100},"statements":{"total":4,"covered":4,"skipped":0,"pct":100},"branches":{"total":4,"covered":3,"skipped":0,"pct":75}}
,"C:\\Kuliah ITHB\\Sem 6\\Testing\\Tubes_Testing\\src\\services\\apiErrorHandler.ts": {"lines":{"total":16,"covered":0,"skipped":0,"pct":0},"functions":{"total":2,"covered":0,"skipped":0,"pct":0},"statements":{"total":17,"covered":0,"skipped":0,"pct":0},"branches":{"total":18,"covered":0,"skipped":0,"pct":0}}
,"C:\\Kuliah ITHB\\Sem 6\\Testing\\Tubes_Testing\\src\\services\\chatService.ts": {"lines":{"total":82,"covered":0,"skipped":0,"pct":0},"functions":{"total":15,"covered":0,"skipped":0,"pct":0},"statements":{"total":95,"covered":0,"skipped":0,"pct":0},"branches":{"total":33,"covered":0,"skipped":0,"pct":0}}
,"C:\\Kuliah ITHB\\Sem 6\\Testing\\Tubes_Testing\\src\\utils\\controllerWrapper.ts": {"lines":{"total":6,"covered":6,"skipped":0,"pct":100},"functions":{"total":3,"covered":3,"skipped":0,"pct":100},"statements":{"total":7,"covered":7,"skipped":0,"pct":100},"branches":{"total":0,"covered":0,"skipped":0,"pct":100}}
,"C:\\Kuliah ITHB\\Sem 6\\Testing\\Tubes_Testing\\src\\utils\\middlewareWrapper.ts": {"lines":{"total":6,"covered":6,"skipped":0,"pct":100},"functions":{"total":3,"covered":3,"skipped":0,"pct":100},"statements":{"total":7,"covered":7,"skipped":0,"pct":100},"branches":{"total":0,"covered":0,"skipped":0,"pct":100}}
}
