TN:
SF:src\backend\app.ts
FN:69,(anonymous_1)
FNF:1
FNH:1
FNDA:1,(anonymous_1)
DA:1,18
DA:2,18
DA:3,18
DA:6,18
DA:7,18
DA:8,18
DA:9,18
DA:10,18
DA:11,18
DA:12,18
DA:13,18
DA:14,18
DA:15,18
DA:16,18
DA:19,18
DA:20,18
DA:21,18
DA:22,18
DA:23,18
DA:24,18
DA:25,18
DA:26,18
DA:27,18
DA:30,18
DA:32,18
DA:35,18
DA:39,18
DA:42,18
DA:46,18
DA:56,18
DA:59,18
DA:60,18
DA:61,18
DA:62,18
DA:63,18
DA:64,18
DA:65,18
DA:66,18
DA:67,18
DA:69,18
DA:70,1
DA:75,18
LF:42
LH:42
BRF:0
BRH:0
end_of_record
TN:
SF:src\backend\routes\applyJobRoutes.ts
FN:20,(anonymous_17)
FN:21,(anonymous_18)
FN:22,(anonymous_19)
FN:33,(anonymous_20)
FN:33,(anonymous_21)
FN:115,(anonymous_22)
FN:115,(anonymous_23)
FN:196,(anonymous_24)
FN:196,(anonymous_25)
FN:216,(anonymous_26)
FN:227,(anonymous_27)
FN:238,(anonymous_28)
FN:245,(anonymous_29)
FN:246,(anonymous_30)
FN:247,(anonymous_31)
FN:250,(anonymous_32)
FN:279,(anonymous_33)
FN:279,(anonymous_34)
FN:312,(anonymous_35)
FN:312,(anonymous_36)
FN:349,(anonymous_37)
FN:349,(anonymous_38)
FN:389,(anonymous_39)
FN:389,(anonymous_40)
FN:396,(anonymous_41)
FN:398,(anonymous_42)
FN:427,(anonymous_43)
FN:427,(anonymous_44)
FN:455,(anonymous_45)
FN:467,(anonymous_46)
FN:467,(anonymous_47)
FN:508,(anonymous_48)
FN:508,(anonymous_49)
FNF:33
FNH:28
FNDA:1,(anonymous_17)
FNDA:1,(anonymous_18)
FNDA:1,(anonymous_19)
FNDA:3,(anonymous_20)
FNDA:3,(anonymous_21)
FNDA:1,(anonymous_22)
FNDA:1,(anonymous_23)
FNDA:2,(anonymous_24)
FNDA:2,(anonymous_25)
FNDA:2,(anonymous_26)
FNDA:2,(anonymous_27)
FNDA:2,(anonymous_28)
FNDA:2,(anonymous_29)
FNDA:2,(anonymous_30)
FNDA:0,(anonymous_31)
FNDA:2,(anonymous_32)
FNDA:2,(anonymous_33)
FNDA:2,(anonymous_34)
FNDA:0,(anonymous_35)
FNDA:0,(anonymous_36)
FNDA:1,(anonymous_37)
FNDA:1,(anonymous_38)
FNDA:13,(anonymous_39)
FNDA:13,(anonymous_40)
FNDA:13,(anonymous_41)
FNDA:13,(anonymous_42)
FNDA:1,(anonymous_43)
FNDA:1,(anonymous_44)
FNDA:1,(anonymous_45)
FNDA:3,(anonymous_46)
FNDA:3,(anonymous_47)
FNDA:0,(anonymous_48)
FNDA:0,(anonymous_49)
DA:1,18
DA:2,18
DA:3,18
DA:4,18
DA:5,18
DA:6,18
DA:7,18
DA:8,18
DA:9,18
DA:10,18
DA:11,18
DA:12,18
DA:13,18
DA:14,18
DA:15,18
DA:16,18
DA:18,18
DA:20,18
DA:21,1
DA:22,1
DA:23,1
DA:24,0
DA:26,1
DA:33,18
DA:34,3
DA:35,3
DA:37,3
DA:38,3
DA:39,3
DA:40,3
DA:41,3
DA:42,3
DA:45,3
DA:46,3
DA:47,3
DA:50,3
DA:51,3
DA:54,3
DA:55,3
DA:58,3
DA:61,3
DA:65,3
DA:66,3
DA:68,3
DA:71,3
DA:72,3
DA:73,3
DA:74,3
DA:77,3
DA:78,3
DA:79,3
DA:80,3
DA:81,3
DA:83,0
DA:84,0
DA:86,0
DA:89,3
DA:97,3
DA:115,18
DA:117,1
DA:118,1
DA:119,1
DA:120,1
DA:122,1
DA:123,0
DA:127,1
DA:128,1
DA:129,0
DA:131,1
DA:133,1
DA:136,1
DA:147,1
DA:148,0
DA:152,1
DA:153,1
DA:154,1
DA:156,1
DA:157,0
DA:161,1
DA:162,0
DA:165,1
DA:166,1
DA:167,0
DA:170,1
DA:171,1
DA:172,0
DA:176,1
DA:177,1
DA:180,1
DA:181,1
DA:182,1
DA:183,1
DA:185,0
DA:186,0
DA:188,1
DA:189,1
DA:192,1
DA:196,18
DA:197,2
DA:199,2
DA:200,0
DA:203,2
DA:207,2
DA:208,0
DA:212,2
DA:216,2
DA:217,2
DA:218,0
DA:223,2
DA:227,2
DA:228,2
DA:229,0
DA:234,2
DA:238,2
DA:239,2
DA:245,2
DA:246,2
DA:247,2
DA:250,2
DA:251,2
DA:252,2
DA:253,2
DA:254,2
DA:273,2
DA:279,18
DA:280,2
DA:281,2
DA:282,2
DA:283,0
DA:286,2
DA:289,2
DA:290,0
DA:293,2
DA:299,2
DA:300,0
DA:303,2
DA:305,2
DA:312,18
DA:313,0
DA:314,0
DA:316,0
DA:317,0
DA:321,0
DA:325,0
DA:326,0
DA:330,0
DA:337,0
DA:338,0
DA:342,0
DA:344,0
DA:349,18
DA:350,1
DA:352,1
DA:353,0
DA:357,1
DA:362,1
DA:363,0
DA:366,1
DA:371,1
DA:376,1
DA:377,0
DA:383,1
DA:384,1
DA:389,13
DA:390,13
DA:394,13
DA:396,13
DA:398,13
DA:400,13
DA:419,1
DA:427,18
DA:428,1
DA:429,1
DA:431,1
DA:434,1
DA:438,1
DA:441,1
DA:453,1
DA:455,1
DA:467,18
DA:468,3
DA:469,3
DA:470,3
DA:472,3
DA:475,3
DA:476,0
DA:481,3
DA:492,3
DA:495,3
DA:497,3
DA:508,18
DA:509,0
DA:510,0
DA:512,0
DA:518,0
DA:519,0
DA:520,0
DA:523,0
DA:524,0
DA:527,0
DA:530,0
DA:532,0
DA:539,18
LF:203
LH:156
BRDA:23,0,0,0
BRDA:23,0,1,1
BRDA:34,1,0,0
BRDA:34,1,1,3
BRDA:34,2,0,3
BRDA:34,2,1,3
BRDA:37,3,0,0
BRDA:37,3,1,3
BRDA:38,4,0,0
BRDA:38,4,1,3
BRDA:39,5,0,0
BRDA:39,5,1,3
BRDA:40,6,0,0
BRDA:40,6,1,3
BRDA:41,7,0,0
BRDA:41,7,1,3
BRDA:41,8,0,3
BRDA:41,8,1,3
BRDA:42,9,0,0
BRDA:42,9,1,3
BRDA:47,10,0,0
BRDA:47,10,1,3
BRDA:51,11,0,0
BRDA:51,11,1,3
BRDA:55,12,0,0
BRDA:55,12,1,3
BRDA:61,13,0,0
BRDA:61,13,1,3
BRDA:68,14,0,3
BRDA:68,14,1,0
BRDA:72,15,0,3
BRDA:72,15,1,0
BRDA:83,16,0,0
BRDA:83,16,1,0
BRDA:83,17,0,0
BRDA:83,17,1,0
BRDA:94,18,0,3
BRDA:94,18,1,0
BRDA:118,19,0,1
BRDA:118,19,1,1
BRDA:120,20,0,1
BRDA:120,20,1,0
BRDA:122,21,0,0
BRDA:122,21,1,1
BRDA:128,22,0,0
BRDA:128,22,1,1
BRDA:128,23,0,1
BRDA:128,23,1,1
BRDA:147,24,0,0
BRDA:147,24,1,1
BRDA:153,25,0,0
BRDA:153,25,1,1
BRDA:153,26,0,1
BRDA:153,26,1,1
BRDA:154,27,0,0
BRDA:154,27,1,1
BRDA:154,28,0,1
BRDA:154,28,1,1
BRDA:156,29,0,0
BRDA:156,29,1,1
BRDA:156,30,0,1
BRDA:156,30,1,1
BRDA:161,31,0,0
BRDA:161,31,1,1
BRDA:166,32,0,0
BRDA:166,32,1,1
BRDA:171,33,0,0
BRDA:171,33,1,1
BRDA:177,34,0,1
BRDA:177,34,1,0
BRDA:177,35,0,0
BRDA:177,35,1,1
BRDA:177,36,0,1
BRDA:177,36,1,1
BRDA:181,37,0,1
BRDA:181,37,1,0
BRDA:197,38,0,0
BRDA:197,38,1,2
BRDA:197,39,0,2
BRDA:197,39,1,2
BRDA:199,40,0,0
BRDA:199,40,1,2
BRDA:207,41,0,0
BRDA:207,41,1,2
BRDA:217,42,0,0
BRDA:217,42,1,2
BRDA:228,43,0,0
BRDA:228,43,1,2
BRDA:252,44,0,2
BRDA:252,44,1,0
BRDA:253,45,0,2
BRDA:253,45,1,0
BRDA:260,46,0,2
BRDA:260,46,1,0
BRDA:266,47,0,0
BRDA:266,47,1,2
BRDA:280,48,0,0
BRDA:280,48,1,2
BRDA:280,49,0,2
BRDA:280,49,1,2
BRDA:282,50,0,0
BRDA:282,50,1,2
BRDA:289,51,0,0
BRDA:289,51,1,2
BRDA:299,52,0,0
BRDA:299,52,1,2
BRDA:313,53,0,0
BRDA:313,53,1,0
BRDA:313,54,0,0
BRDA:313,54,1,0
BRDA:316,55,0,0
BRDA:316,55,1,0
BRDA:325,56,0,0
BRDA:325,56,1,0
BRDA:337,57,0,0
BRDA:337,57,1,0
BRDA:350,58,0,0
BRDA:350,58,1,1
BRDA:350,59,0,1
BRDA:350,59,1,1
BRDA:352,60,0,0
BRDA:352,60,1,1
BRDA:362,61,0,0
BRDA:362,61,1,1
BRDA:376,62,0,0
BRDA:376,62,1,1
BRDA:376,63,0,1
BRDA:376,63,1,1
BRDA:405,64,0,13
BRDA:405,64,1,0
BRDA:408,65,0,13
BRDA:408,65,1,0
BRDA:411,66,0,0
BRDA:411,66,1,13
BRDA:428,67,0,0
BRDA:428,67,1,1
BRDA:428,68,0,1
BRDA:428,68,1,1
BRDA:431,69,0,0
BRDA:431,69,1,1
BRDA:438,70,0,0
BRDA:438,70,1,1
BRDA:461,71,0,1
BRDA:461,71,1,0
BRDA:468,72,0,0
BRDA:468,72,1,3
BRDA:468,73,0,3
BRDA:468,73,1,3
BRDA:472,74,0,0
BRDA:472,74,1,3
BRDA:475,75,0,0
BRDA:475,75,1,3
BRDA:475,76,0,3
BRDA:475,76,1,3
BRDA:492,77,0,0
BRDA:492,77,1,3
BRDA:518,78,0,0
BRDA:518,78,1,0
BRDA:523,79,0,0
BRDA:523,79,1,0
BRF:160
BRH:86
end_of_record
TN:
SF:src\backend\routes\chatRoutes.ts
FN:31,(anonymous_17)
FN:38,(anonymous_18)
FN:76,(anonymous_19)
FN:81,(anonymous_20)
FN:81,(anonymous_21)
FN:94,(anonymous_22)
FN:94,(anonymous_23)
FN:107,(anonymous_24)
FN:107,(anonymous_25)
FN:140,(anonymous_26)
FN:148,(anonymous_27)
FN:194,(anonymous_28)
FN:194,(anonymous_29)
FN:216,(anonymous_30)
FN:216,(anonymous_31)
FN:234,(anonymous_32)
FN:234,(anonymous_33)
FN:244,(anonymous_34)
FN:245,(anonymous_35)
FN:264,(anonymous_36)
FN:274,(anonymous_37)
FN:274,(anonymous_38)
FN:311,(anonymous_39)
FN:311,(anonymous_40)
FN:330,(anonymous_41)
FN:330,(anonymous_42)
FN:405,(anonymous_43)
FN:405,(anonymous_44)
FN:416,(anonymous_45)
FN:416,(anonymous_46)
FN:459,(anonymous_47)
FN:459,(anonymous_48)
FN:549,(anonymous_49)
FN:549,(anonymous_50)
FN:593,(anonymous_51)
FN:593,(anonymous_52)
FN:596,(anonymous_53)
FN:604,(anonymous_54)
FN:620,(anonymous_55)
FN:621,(anonymous_56)
FN:622,(anonymous_57)
FN:633,(anonymous_58)
FN:634,(anonymous_59)
FN:634,(anonymous_60)
FN:650,(anonymous_61)
FN:650,(anonymous_62)
FN:726,(anonymous_63)
FN:726,(anonymous_64)
FN:772,(anonymous_65)
FN:772,(anonymous_66)
FN:784,(anonymous_67)
FNF:51
FNH:40
FNDA:1,(anonymous_17)
FNDA:1,(anonymous_18)
FNDA:18,(anonymous_19)
FNDA:1,(anonymous_20)
FNDA:1,(anonymous_21)
FNDA:12,(anonymous_22)
FNDA:12,(anonymous_23)
FNDA:0,(anonymous_24)
FNDA:0,(anonymous_25)
FNDA:1,(anonymous_26)
FNDA:1,(anonymous_27)
FNDA:1,(anonymous_28)
FNDA:1,(anonymous_29)
FNDA:1,(anonymous_30)
FNDA:1,(anonymous_31)
FNDA:0,(anonymous_32)
FNDA:0,(anonymous_33)
FNDA:0,(anonymous_34)
FNDA:0,(anonymous_35)
FNDA:0,(anonymous_36)
FNDA:2,(anonymous_37)
FNDA:2,(anonymous_38)
FNDA:4,(anonymous_39)
FNDA:4,(anonymous_40)
FNDA:0,(anonymous_41)
FNDA:0,(anonymous_42)
FNDA:0,(anonymous_43)
FNDA:0,(anonymous_44)
FNDA:1,(anonymous_45)
FNDA:1,(anonymous_46)
FNDA:1,(anonymous_47)
FNDA:1,(anonymous_48)
FNDA:1,(anonymous_49)
FNDA:1,(anonymous_50)
FNDA:1,(anonymous_51)
FNDA:1,(anonymous_52)
FNDA:14,(anonymous_53)
FNDA:14,(anonymous_54)
FNDA:1,(anonymous_55)
FNDA:1,(anonymous_56)
FNDA:1,(anonymous_57)
FNDA:18,(anonymous_58)
FNDA:1,(anonymous_59)
FNDA:1,(anonymous_60)
FNDA:1,(anonymous_61)
FNDA:1,(anonymous_62)
FNDA:1,(anonymous_63)
FNDA:1,(anonymous_64)
FNDA:1,(anonymous_65)
FNDA:1,(anonymous_66)
FNDA:1,(anonymous_67)
DA:1,18
DA:2,18
DA:3,18
DA:4,18
DA:5,18
DA:6,18
DA:7,18
DA:8,18
DA:9,18
DA:10,18
DA:11,18
DA:12,18
DA:13,18
DA:14,18
DA:15,18
DA:16,18
DA:17,18
DA:20,18
DA:21,18
DA:22,18
DA:23,18
DA:26,18
DA:27,18
DA:30,18
DA:32,1
DA:33,1
DA:34,1
DA:35,1
DA:36,1
DA:39,1
DA:43,18
DA:76,18
DA:77,18
DA:81,18
DA:84,1
DA:90,1
DA:94,18
DA:95,12
DA:97,12
DA:98,12
DA:99,12
DA:100,12
DA:102,0
DA:107,18
DA:108,0
DA:110,0
DA:111,0
DA:113,0
DA:114,0
DA:125,0
DA:126,0
DA:128,0
DA:131,0
DA:132,0
DA:135,0
DA:136,0
DA:140,18
DA:148,1
DA:149,1
DA:152,1
DA:153,1
DA:156,1
DA:157,1
DA:159,1
DA:160,1
DA:163,1
DA:179,1
DA:180,0
DA:182,1
DA:184,1
DA:185,1
DA:188,1
DA:190,1
DA:194,18
DA:195,1
DA:196,1
DA:199,1
DA:200,1
DA:202,1
DA:203,1
DA:206,0
DA:209,1
DA:212,1
DA:216,18
DA:217,1
DA:218,1
DA:219,1
DA:220,1
DA:221,1
DA:222,1
DA:223,1
DA:225,0
DA:228,0
DA:229,0
DA:234,18
DA:235,0
DA:237,0
DA:238,0
DA:242,0
DA:243,0
DA:244,0
DA:245,0
DA:248,0
DA:250,0
DA:251,0
DA:252,0
DA:253,0
DA:254,0
DA:256,0
DA:260,0
DA:264,0
DA:265,0
DA:268,0
DA:269,0
DA:274,18
DA:275,2
DA:277,2
DA:278,2
DA:280,0
DA:284,2
DA:285,2
DA:287,2
DA:288,0
DA:291,2
DA:292,2
DA:293,2
DA:296,2
DA:308,18
DA:311,18
DA:313,4
DA:315,4
DA:316,0
DA:320,4
DA:322,4
DA:323,0
DA:327,4
DA:330,18
DA:331,0
DA:334,0
DA:335,0
DA:339,0
DA:342,0
DA:343,0
DA:346,0
DA:347,0
DA:348,0
DA:349,0
DA:350,0
DA:351,0
DA:354,0
DA:360,0
DA:361,0
DA:368,0
DA:369,0
DA:376,0
DA:378,0
DA:379,0
DA:380,0
DA:381,0
DA:382,0
DA:393,0
DA:398,0
DA:405,18
DA:407,0
DA:409,0
DA:416,18
DA:417,1
DA:418,1
DA:419,1
DA:421,1
DA:422,0
DA:425,1
DA:426,1
DA:427,0
DA:431,1
DA:434,1
DA:445,1
DA:446,1
DA:448,0
DA:449,0
DA:452,1
DA:459,18
DA:460,1
DA:461,1
DA:463,1
DA:464,0
DA:467,1
DA:468,0
DA:472,1
DA:485,1
DA:486,0
DA:489,1
DA:490,0
DA:493,1
DA:497,1
DA:498,0
DA:502,1
DA:504,1
DA:505,0
DA:507,0
DA:508,0
DA:517,1
DA:519,1
DA:531,1
DA:532,1
DA:533,1
DA:535,0
DA:536,0
DA:539,1
DA:545,18
DA:549,1
DA:550,1
DA:551,1
DA:552,1
DA:554,1
DA:555,0
DA:558,1
DA:559,0
DA:562,1
DA:564,1
DA:565,0
DA:568,1
DA:570,1
DA:572,1
DA:573,0
DA:576,1
DA:586,1
DA:593,18
DA:594,1
DA:595,1
DA:596,14
DA:598,1
DA:599,6
DA:600,6
DA:602,6
DA:603,6
DA:604,14
DA:607,6
DA:608,1
DA:612,0
DA:614,0
DA:615,0
DA:620,18
DA:621,1
DA:622,1
DA:623,1
DA:624,0
DA:626,1
DA:633,18
DA:634,18
DA:635,1
DA:636,1
DA:639,0
DA:641,0
DA:642,0
DA:650,18
DA:652,1
DA:653,1
DA:654,1
DA:655,1
DA:657,1
DA:658,0
DA:663,1
DA:669,1
DA:670,0
DA:673,1
DA:676,1
DA:679,1
DA:681,1
DA:682,0
DA:686,1
DA:687,0
DA:690,1
DA:693,1
DA:694,0
DA:698,1
DA:701,1
DA:702,1
DA:703,0
DA:704,0
DA:705,0
DA:706,0
DA:707,0
DA:708,0
DA:710,0
DA:714,1
DA:715,1
DA:717,0
DA:720,1
DA:723,1
DA:726,18
DA:727,1
DA:728,1
DA:729,1
DA:731,1
DA:732,0
DA:735,1
DA:736,1
DA:737,0
DA:741,1
DA:744,1
DA:755,1
DA:758,1
DA:759,1
DA:760,1
DA:761,1
DA:762,1
DA:765,1
DA:772,18
DA:773,1
DA:774,1
DA:775,1
DA:778,1
DA:779,1
DA:780,0
DA:784,1
DA:785,1
DA:786,0
DA:790,1
DA:791,0
DA:794,1
DA:795,1
DA:799,1
DA:802,1
DA:803,0
DA:804,0
DA:807,0
DA:811,1
DA:817,18
LF:329
LH:215
BRDA:125,0,0,0
BRDA:125,0,1,0
BRDA:159,1,0,0
BRDA:159,1,1,1
BRDA:160,2,0,0
BRDA:160,2,1,1
BRDA:179,3,0,0
BRDA:179,3,1,1
BRDA:223,4,0,1
BRDA:223,4,1,1
BRDA:237,5,0,0
BRDA:237,5,1,0
BRDA:244,6,0,0
BRDA:244,6,1,0
BRDA:253,7,0,0
BRDA:253,7,1,0
BRDA:254,8,0,0
BRDA:254,8,1,0
BRDA:254,9,0,0
BRDA:254,9,1,0
BRDA:254,9,2,0
BRDA:254,9,3,0
BRDA:287,10,0,0
BRDA:287,10,1,2
BRDA:315,11,0,0
BRDA:315,11,1,4
BRDA:322,12,0,0
BRDA:322,12,1,4
BRDA:331,13,0,0
BRDA:331,13,1,0
BRDA:331,14,0,0
BRDA:331,14,1,0
BRDA:334,15,0,0
BRDA:334,15,1,0
BRDA:348,16,0,0
BRDA:348,16,1,0
BRDA:350,17,0,0
BRDA:350,17,1,0
BRDA:368,18,0,0
BRDA:368,18,1,0
BRDA:381,19,0,0
BRDA:381,19,1,0
BRDA:381,20,0,0
BRDA:381,20,1,0
BRDA:388,21,0,0
BRDA:388,21,1,0
BRDA:417,22,0,0
BRDA:417,22,1,1
BRDA:417,23,0,1
BRDA:417,23,1,1
BRDA:419,24,0,1
BRDA:421,25,0,0
BRDA:421,25,1,1
BRDA:426,26,0,0
BRDA:426,26,1,1
BRDA:436,27,0,1
BRDA:436,27,1,0
BRDA:460,28,0,0
BRDA:460,28,1,1
BRDA:460,29,0,1
BRDA:460,29,1,1
BRDA:463,30,0,0
BRDA:463,30,1,1
BRDA:467,31,0,0
BRDA:467,31,1,1
BRDA:485,32,0,0
BRDA:485,32,1,1
BRDA:489,33,0,0
BRDA:489,33,1,1
BRDA:497,34,0,0
BRDA:497,34,1,1
BRDA:504,35,0,0
BRDA:504,35,1,1
BRDA:507,36,0,0
BRDA:507,36,1,0
BRDA:523,37,0,1
BRDA:523,37,1,0
BRDA:523,38,0,0
BRDA:523,38,1,1
BRDA:523,39,0,1
BRDA:523,39,1,1
BRDA:525,40,0,1
BRDA:525,40,1,0
BRDA:550,41,0,0
BRDA:550,41,1,1
BRDA:550,42,0,1
BRDA:550,42,1,1
BRDA:554,43,0,0
BRDA:554,43,1,1
BRDA:558,44,0,0
BRDA:558,44,1,1
BRDA:564,45,0,0
BRDA:564,45,1,1
BRDA:572,46,0,0
BRDA:572,46,1,1
BRDA:596,47,0,14
BRDA:596,47,1,14
BRDA:602,48,0,6
BRDA:602,48,1,0
BRDA:602,49,0,6
BRDA:602,49,1,6
BRDA:604,50,0,14
BRDA:604,50,1,5
BRDA:607,51,0,1
BRDA:607,51,1,5
BRDA:623,52,0,0
BRDA:623,52,1,1
BRDA:641,53,0,0
BRDA:641,53,1,0
BRDA:653,54,0,1
BRDA:653,54,1,1
BRDA:655,55,0,1
BRDA:655,55,1,0
BRDA:657,56,0,0
BRDA:657,56,1,1
BRDA:669,57,0,0
BRDA:669,57,1,1
BRDA:669,58,0,1
BRDA:669,58,1,1
BRDA:681,59,0,0
BRDA:681,59,1,1
BRDA:686,60,0,0
BRDA:686,60,1,1
BRDA:686,61,0,1
BRDA:686,61,1,0
BRDA:693,62,0,0
BRDA:693,62,1,1
BRDA:701,63,0,1
BRDA:701,63,1,0
BRDA:703,64,0,0
BRDA:703,64,1,0
BRDA:705,65,0,0
BRDA:705,65,1,0
BRDA:705,66,0,0
BRDA:705,66,1,0
BRDA:707,67,0,0
BRDA:707,67,1,0
BRDA:714,68,0,1
BRDA:714,68,1,0
BRDA:727,69,0,0
BRDA:727,69,1,1
BRDA:727,70,0,1
BRDA:727,70,1,1
BRDA:731,71,0,0
BRDA:731,71,1,1
BRDA:736,72,0,0
BRDA:736,72,1,1
BRDA:746,73,0,1
BRDA:746,73,1,0
BRDA:759,74,0,1
BRDA:759,74,1,0
BRDA:779,75,0,0
BRDA:779,75,1,1
BRDA:785,76,0,0
BRDA:785,76,1,1
BRDA:790,77,0,0
BRDA:790,77,1,1
BRDA:794,78,0,1
BRDA:794,78,1,0
BRDA:802,79,0,0
BRDA:802,79,1,1
BRDA:804,80,0,0
BRDA:804,80,1,0
BRF:163
BRH:71
end_of_record
TN:
SF:src\backend\routes\companyRoutes.ts
FN:11,(anonymous_8)
FN:11,(anonymous_9)
FN:34,(anonymous_10)
FN:52,(anonymous_11)
FN:52,(anonymous_12)
FN:89,(anonymous_13)
FN:89,(anonymous_14)
FNF:7
FNH:2
FNDA:0,(anonymous_8)
FNDA:0,(anonymous_9)
FNDA:0,(anonymous_10)
FNDA:0,(anonymous_11)
FNDA:0,(anonymous_12)
FNDA:1,(anonymous_13)
FNDA:1,(anonymous_14)
DA:1,18
DA:2,18
DA:3,18
DA:4,18
DA:5,18
DA:7,18
DA:9,18
DA:11,18
DA:12,0
DA:13,0
DA:14,0
DA:17,0
DA:28,0
DA:29,0
DA:31,0
DA:32,0
DA:33,0
DA:35,0
DA:40,0
DA:41,0
DA:44,0
DA:52,18
DA:53,0
DA:54,0
DA:56,0
DA:57,0
DA:60,0
DA:64,0
DA:65,0
DA:68,0
DA:79,0
DA:83,0
DA:89,18
DA:90,1
DA:92,1
DA:93,0
DA:96,1
DA:100,1
DA:101,0
DA:105,1
DA:111,1
DA:115,1
DA:116,0
DA:122,1
DA:126,1
DA:131,18
LF:46
LH:20
BRDA:13,0,0,0
BRDA:13,0,1,0
BRDA:31,1,0,0
BRDA:31,1,1,0
BRDA:31,2,0,0
BRDA:31,2,1,0
BRDA:35,3,0,0
BRDA:35,3,1,0
BRDA:40,4,0,0
BRDA:40,4,1,0
BRDA:56,5,0,0
BRDA:56,5,1,0
BRDA:64,6,0,0
BRDA:64,6,1,0
BRDA:92,7,0,0
BRDA:92,7,1,1
BRDA:100,8,0,0
BRDA:100,8,1,1
BRF:18
BRH:2
end_of_record
TN:
SF:src\backend\routes\createPostRoutes.ts
FN:22,(anonymous_8)
FN:22,(anonymous_9)
FN:33,(anonymous_10)
FN:33,(anonymous_11)
FN:44,(anonymous_12)
FN:44,(anonymous_13)
FN:55,(anonymous_14)
FN:55,(anonymous_15)
FN:92,(anonymous_16)
FN:92,(anonymous_17)
FN:165,(anonymous_18)
FN:165,(anonymous_19)
FN:174,(anonymous_20)
FN:209,(anonymous_21)
FN:209,(anonymous_22)
FN:250,(anonymous_23)
FN:250,(anonymous_24)
FN:342,(anonymous_25)
FN:360,(anonymous_26)
FN:360,(anonymous_27)
FN:402,(anonymous_28)
FN:437,(anonymous_29)
FN:461,(anonymous_30)
FN:461,(anonymous_31)
FN:646,(anonymous_32)
FNF:25
FNH:25
FNDA:2,(anonymous_8)
FNDA:2,(anonymous_9)
FNDA:2,(anonymous_10)
FNDA:2,(anonymous_11)
FNDA:1,(anonymous_12)
FNDA:1,(anonymous_13)
FNDA:2,(anonymous_14)
FNDA:2,(anonymous_15)
FNDA:5,(anonymous_16)
FNDA:5,(anonymous_17)
FNDA:7,(anonymous_18)
FNDA:7,(anonymous_19)
FNDA:7,(anonymous_20)
FNDA:4,(anonymous_21)
FNDA:4,(anonymous_22)
FNDA:3,(anonymous_23)
FNDA:3,(anonymous_24)
FNDA:4,(anonymous_25)
FNDA:3,(anonymous_26)
FNDA:3,(anonymous_27)
FNDA:96,(anonymous_28)
FNDA:139,(anonymous_29)
FNDA:2,(anonymous_30)
FNDA:2,(anonymous_31)
FNDA:3,(anonymous_32)
DA:1,18
DA:2,18
DA:3,18
DA:4,18
DA:6,18
DA:7,18
DA:8,18
DA:9,18
DA:10,18
DA:11,18
DA:15,18
DA:22,18
DA:23,2
DA:24,2
DA:27,2
DA:29,0
DA:33,18
DA:34,2
DA:35,2
DA:38,2
DA:40,0
DA:44,18
DA:45,1
DA:46,1
DA:49,1
DA:51,0
DA:55,18
DA:56,2
DA:58,2
DA:59,0
DA:62,2
DA:66,2
DA:67,1
DA:76,1
DA:77,1
DA:81,1
DA:87,0
DA:88,0
DA:92,18
DA:93,5
DA:94,5
DA:105,5
DA:107,5
DA:108,0
DA:115,5
DA:116,0
DA:122,5
DA:123,5
DA:124,0
DA:127,5
DA:128,5
DA:134,5
DA:136,5
DA:137,0
DA:144,5
DA:146,5
DA:155,5
DA:156,5
DA:157,5
DA:159,5
DA:161,5
DA:162,5
DA:164,5
DA:165,7
DA:166,7
DA:170,7
DA:174,7
DA:179,5
DA:185,5
DA:202,0
DA:209,18
DA:210,4
DA:211,4
DA:212,4
DA:213,0
DA:215,4
DA:216,4
DA:227,4
DA:228,0
DA:231,4
DA:232,1
DA:237,3
DA:239,3
DA:242,0
DA:250,18
DA:251,3
DA:252,3
DA:253,3
DA:255,3
DA:301,3
DA:302,0
DA:305,3
DA:307,3
DA:342,4
DA:349,3
DA:352,0
DA:360,18
DA:361,3
DA:362,3
DA:364,3
DA:402,3
DA:403,96
DA:405,96
DA:437,139
DA:449,3
DA:450,3
DA:453,0
DA:454,0
DA:461,18
DA:462,2
DA:469,2
DA:471,2
DA:472,0
DA:479,2
DA:480,2
DA:481,0
DA:484,2
DA:485,2
DA:496,2
DA:497,0
DA:500,2
DA:504,2
DA:505,0
DA:510,2
DA:511,0
DA:516,2
DA:517,2
DA:518,0
DA:521,2
DA:522,2
DA:523,0
DA:526,2
DA:527,2
DA:528,0
DA:534,2
DA:539,2
DA:540,1
DA:542,2
DA:543,1
DA:545,2
DA:546,1
DA:549,2
DA:554,2
DA:555,0
DA:559,2
DA:605,2
DA:606,0
DA:609,2
DA:611,2
DA:646,3
DA:654,2
DA:660,0
DA:667,18
LF:153
LH:124
BRDA:58,0,0,0
BRDA:58,0,1,2
BRDA:58,1,0,2
BRDA:58,1,1,2
BRDA:58,1,2,2
BRDA:66,2,0,1
BRDA:66,2,1,1
BRDA:107,3,0,0
BRDA:107,3,1,5
BRDA:107,4,0,5
BRDA:107,4,1,5
BRDA:107,4,2,5
BRDA:107,4,3,5
BRDA:115,5,0,0
BRDA:115,5,1,5
BRDA:115,6,0,5
BRDA:115,6,1,5
BRDA:122,7,0,0
BRDA:122,7,1,5
BRDA:122,8,0,5
BRDA:122,8,1,5
BRDA:123,9,0,0
BRDA:123,9,1,5
BRDA:136,10,0,0
BRDA:136,10,1,5
BRDA:155,11,0,5
BRDA:155,11,1,0
BRDA:156,12,0,5
BRDA:156,12,1,0
BRDA:157,13,0,5
BRDA:157,13,1,0
BRDA:161,14,0,5
BRDA:161,14,1,0
BRDA:161,15,0,5
BRDA:161,15,1,5
BRDA:197,16,0,5
BRDA:197,16,1,0
BRDA:204,17,0,0
BRDA:204,17,1,0
BRDA:211,18,0,0
BRDA:211,18,1,4
BRDA:211,19,0,4
BRDA:211,19,1,4
BRDA:212,20,0,0
BRDA:212,20,1,4
BRDA:227,21,0,0
BRDA:227,21,1,4
BRDA:231,22,0,1
BRDA:231,22,1,3
BRDA:244,23,0,0
BRDA:244,23,1,0
BRDA:301,24,0,0
BRDA:301,24,1,3
BRDA:316,25,0,3
BRDA:316,25,1,0
BRDA:322,26,0,3
BRDA:322,26,1,0
BRDA:327,27,0,3
BRDA:327,27,1,0
BRDA:332,28,0,0
BRDA:332,28,1,3
BRDA:332,29,0,0
BRDA:332,29,1,3
BRDA:332,30,0,3
BRDA:332,30,1,3
BRDA:342,31,0,3
BRDA:342,31,1,0
BRDA:354,32,0,0
BRDA:354,32,1,0
BRDA:411,33,0,96
BRDA:411,33,1,0
BRDA:417,34,0,96
BRDA:417,34,1,0
BRDA:422,35,0,96
BRDA:422,35,1,0
BRDA:427,36,0,3
BRDA:427,36,1,93
BRDA:427,37,0,0
BRDA:427,37,1,96
BRDA:427,38,0,96
BRDA:427,38,1,96
BRDA:437,39,0,96
BRDA:437,39,1,0
BRDA:456,40,0,0
BRDA:456,40,1,0
BRDA:471,41,0,0
BRDA:471,41,1,2
BRDA:471,42,0,2
BRDA:471,42,1,2
BRDA:479,43,0,0
BRDA:479,43,1,2
BRDA:479,44,0,2
BRDA:479,44,1,2
BRDA:480,45,0,0
BRDA:480,45,1,2
BRDA:496,46,0,0
BRDA:496,46,1,2
BRDA:504,47,0,0
BRDA:504,47,1,2
BRDA:510,48,0,0
BRDA:510,48,1,2
BRDA:517,49,0,0
BRDA:517,49,1,2
BRDA:522,50,0,0
BRDA:522,50,1,2
BRDA:527,51,0,0
BRDA:527,51,1,2
BRDA:527,52,0,2
BRDA:527,52,1,1
BRDA:539,53,0,1
BRDA:539,53,1,1
BRDA:540,54,0,1
BRDA:540,54,1,0
BRDA:542,55,0,1
BRDA:542,55,1,1
BRDA:543,56,0,1
BRDA:543,56,1,0
BRDA:545,57,0,1
BRDA:545,57,1,1
BRDA:546,58,0,1
BRDA:546,58,1,0
BRDA:554,59,0,0
BRDA:554,59,1,2
BRDA:605,60,0,0
BRDA:605,60,1,2
BRDA:620,61,0,2
BRDA:620,61,1,0
BRDA:626,62,0,2
BRDA:626,62,1,0
BRDA:631,63,0,2
BRDA:631,63,1,0
BRDA:636,64,0,0
BRDA:636,64,1,2
BRDA:636,65,0,0
BRDA:636,65,1,2
BRDA:636,66,0,2
BRDA:636,66,1,2
BRDA:646,67,0,2
BRDA:646,67,1,0
BRDA:662,68,0,0
BRDA:662,68,1,0
BRF:141
BRH:85
end_of_record
TN:
SF:src\backend\routes\experiencesRoutes.ts
FN:35,(anonymous_8)
FN:35,(anonymous_9)
FN:62,(anonymous_10)
FN:72,(anonymous_11)
FN:89,(anonymous_12)
FN:89,(anonymous_13)
FN:146,(anonymous_14)
FN:146,(anonymous_15)
FN:248,(anonymous_16)
FN:248,(anonymous_17)
FN:304,(anonymous_18)
FN:304,(anonymous_19)
FN:331,(anonymous_20)
FN:341,(anonymous_21)
FN:358,(anonymous_22)
FN:358,(anonymous_23)
FN:415,(anonymous_24)
FN:415,(anonymous_25)
FN:515,(anonymous_26)
FN:515,(anonymous_27)
FN:568,(anonymous_28)
FN:568,(anonymous_29)
FN:587,(anonymous_30)
FN:588,(anonymous_31)
FN:592,(anonymous_32)
FN:602,(anonymous_33)
FN:603,(anonymous_34)
FN:620,(anonymous_35)
FN:632,(anonymous_36)
FN:632,(anonymous_37)
FN:653,(anonymous_38)
FN:654,(anonymous_39)
FN:658,(anonymous_40)
FN:668,(anonymous_41)
FN:669,(anonymous_42)
FN:692,(anonymous_43)
FNF:36
FNH:36
FNDA:1,(anonymous_8)
FNDA:1,(anonymous_9)
FNDA:3,(anonymous_10)
FNDA:2,(anonymous_11)
FNDA:2,(anonymous_12)
FNDA:2,(anonymous_13)
FNDA:2,(anonymous_14)
FNDA:2,(anonymous_15)
FNDA:2,(anonymous_16)
FNDA:2,(anonymous_17)
FNDA:1,(anonymous_18)
FNDA:1,(anonymous_19)
FNDA:3,(anonymous_20)
FNDA:2,(anonymous_21)
FNDA:1,(anonymous_22)
FNDA:1,(anonymous_23)
FNDA:1,(anonymous_24)
FNDA:1,(anonymous_25)
FNDA:1,(anonymous_26)
FNDA:1,(anonymous_27)
FNDA:1,(anonymous_28)
FNDA:1,(anonymous_29)
FNDA:4,(anonymous_30)
FNDA:4,(anonymous_31)
FNDA:4,(anonymous_32)
FNDA:4,(anonymous_33)
FNDA:4,(anonymous_34)
FNDA:4,(anonymous_35)
FNDA:1,(anonymous_36)
FNDA:1,(anonymous_37)
FNDA:4,(anonymous_38)
FNDA:4,(anonymous_39)
FNDA:4,(anonymous_40)
FNDA:4,(anonymous_41)
FNDA:4,(anonymous_42)
FNDA:4,(anonymous_43)
DA:1,18
DA:2,18
DA:3,18
DA:4,18
DA:5,18
DA:6,18
DA:7,18
DA:9,18
DA:35,18
DA:36,1
DA:38,1
DA:40,1
DA:41,0
DA:45,1
DA:57,1
DA:58,0
DA:62,3
DA:72,2
DA:74,1
DA:76,1
DA:89,18
DA:97,2
DA:99,2
DA:100,2
DA:102,2
DA:103,0
DA:107,2
DA:108,0
DA:112,2
DA:114,2
DA:115,0
DA:119,2
DA:130,2
DA:132,2
DA:146,18
DA:147,2
DA:154,2
DA:156,2
DA:157,2
DA:159,2
DA:166,2
DA:167,0
DA:171,2
DA:172,0
DA:176,2
DA:178,2
DA:179,0
DA:183,2
DA:185,2
DA:186,1
DA:187,0
DA:189,1
DA:192,2
DA:193,2
DA:194,0
DA:196,2
DA:199,2
DA:200,0
DA:201,0
DA:202,0
DA:204,0
DA:207,2
DA:208,1
DA:209,0
DA:211,1
DA:212,1
DA:213,0
DA:216,1
DA:217,1
DA:218,0
DA:220,1
DA:224,2
DA:225,1
DA:229,2
DA:232,2
DA:234,2
DA:236,2
DA:248,18
DA:249,2
DA:251,2
DA:252,2
DA:254,2
DA:261,2
DA:262,0
DA:266,2
DA:267,0
DA:271,2
DA:273,2
DA:274,0
DA:278,2
DA:280,2
DA:282,2
DA:284,2
DA:304,18
DA:305,1
DA:307,1
DA:309,1
DA:310,0
DA:314,1
DA:326,1
DA:327,0
DA:331,3
DA:341,2
DA:343,1
DA:345,1
DA:358,18
DA:366,1
DA:368,1
DA:369,1
DA:371,1
DA:372,0
DA:376,1
DA:377,0
DA:381,1
DA:383,1
DA:384,0
DA:388,1
DA:399,1
DA:401,1
DA:415,18
DA:416,1
DA:423,1
DA:425,1
DA:426,1
DA:428,1
DA:435,1
DA:436,0
DA:440,1
DA:441,0
DA:445,1
DA:447,1
DA:448,0
DA:452,1
DA:454,1
DA:455,1
DA:456,0
DA:458,1
DA:461,1
DA:462,1
DA:463,0
DA:465,1
DA:468,1
DA:469,0
DA:470,0
DA:471,0
DA:473,0
DA:476,1
DA:477,1
DA:478,0
DA:480,1
DA:481,1
DA:482,0
DA:485,1
DA:486,1
DA:487,0
DA:489,1
DA:493,1
DA:494,1
DA:498,1
DA:499,1
DA:501,1
DA:503,1
DA:515,18
DA:516,1
DA:518,1
DA:519,1
DA:521,1
DA:528,1
DA:529,0
DA:533,1
DA:534,0
DA:538,1
DA:540,1
DA:541,0
DA:545,1
DA:547,1
DA:549,1
DA:551,1
DA:568,18
DA:569,1
DA:571,1
DA:573,1
DA:574,0
DA:577,1
DA:586,1
DA:587,4
DA:588,4
DA:591,1
DA:592,1
DA:593,4
DA:594,4
DA:595,4
DA:596,4
DA:599,1
DA:600,1
DA:602,4
DA:603,4
DA:605,1
DA:620,4
DA:632,18
DA:633,1
DA:635,1
DA:637,1
DA:639,1
DA:640,0
DA:643,1
DA:652,1
DA:653,4
DA:654,4
DA:657,1
DA:658,1
DA:659,4
DA:660,4
DA:661,4
DA:662,4
DA:665,1
DA:666,1
DA:668,4
DA:669,4
DA:671,1
DA:677,1
DA:692,4
DA:697,18
LF:223
LH:181
BRDA:40,0,0,0
BRDA:40,0,1,1
BRDA:57,1,0,0
BRDA:57,1,1,1
BRDA:62,2,0,1
BRDA:62,2,1,0
BRDA:62,3,0,0
BRDA:62,3,1,1
BRDA:62,4,0,1
BRDA:62,4,1,1
BRDA:102,5,0,0
BRDA:102,5,1,2
BRDA:102,6,0,2
BRDA:102,6,1,2
BRDA:102,6,2,2
BRDA:102,6,3,2
BRDA:107,7,0,0
BRDA:107,7,1,2
BRDA:107,8,0,2
BRDA:107,8,1,2
BRDA:114,9,0,0
BRDA:114,9,1,2
BRDA:126,10,0,1
BRDA:126,10,1,1
BRDA:127,11,0,2
BRDA:127,11,1,1
BRDA:166,12,0,0
BRDA:166,12,1,2
BRDA:171,13,0,0
BRDA:171,13,1,2
BRDA:171,14,0,2
BRDA:171,14,1,2
BRDA:178,15,0,0
BRDA:178,15,1,2
BRDA:185,16,0,1
BRDA:185,16,1,1
BRDA:186,17,0,0
BRDA:186,17,1,1
BRDA:192,18,0,2
BRDA:192,18,1,0
BRDA:193,19,0,0
BRDA:193,19,1,2
BRDA:199,20,0,0
BRDA:199,20,1,2
BRDA:201,21,0,0
BRDA:201,21,1,0
BRDA:207,22,0,1
BRDA:207,22,1,1
BRDA:208,23,0,0
BRDA:208,23,1,1
BRDA:208,24,0,1
BRDA:208,24,1,1
BRDA:212,25,0,0
BRDA:212,25,1,1
BRDA:216,26,0,1
BRDA:216,26,1,1
BRDA:217,27,0,0
BRDA:217,27,1,1
BRDA:224,28,0,1
BRDA:224,28,1,1
BRDA:225,29,0,1
BRDA:225,29,1,0
BRDA:261,30,0,0
BRDA:261,30,1,2
BRDA:266,31,0,0
BRDA:266,31,1,2
BRDA:266,32,0,2
BRDA:266,32,1,2
BRDA:273,33,0,0
BRDA:273,33,1,2
BRDA:309,34,0,0
BRDA:309,34,1,1
BRDA:326,35,0,0
BRDA:326,35,1,1
BRDA:331,36,0,1
BRDA:331,36,1,0
BRDA:331,37,0,0
BRDA:331,37,1,1
BRDA:331,38,0,1
BRDA:331,38,1,1
BRDA:371,39,0,0
BRDA:371,39,1,1
BRDA:371,40,0,1
BRDA:371,40,1,1
BRDA:371,40,2,1
BRDA:371,40,3,1
BRDA:376,41,0,0
BRDA:376,41,1,1
BRDA:376,42,0,1
BRDA:376,42,1,1
BRDA:383,43,0,0
BRDA:383,43,1,1
BRDA:395,44,0,1
BRDA:395,44,1,0
BRDA:396,45,0,1
BRDA:396,45,1,0
BRDA:435,46,0,0
BRDA:435,46,1,1
BRDA:440,47,0,0
BRDA:440,47,1,1
BRDA:440,48,0,1
BRDA:440,48,1,1
BRDA:447,49,0,0
BRDA:447,49,1,1
BRDA:454,50,0,1
BRDA:454,50,1,0
BRDA:455,51,0,0
BRDA:455,51,1,1
BRDA:461,52,0,1
BRDA:461,52,1,0
BRDA:462,53,0,0
BRDA:462,53,1,1
BRDA:468,54,0,0
BRDA:468,54,1,1
BRDA:470,55,0,0
BRDA:470,55,1,0
BRDA:476,56,0,1
BRDA:476,56,1,0
BRDA:477,57,0,0
BRDA:477,57,1,1
BRDA:477,58,0,1
BRDA:477,58,1,1
BRDA:481,59,0,0
BRDA:481,59,1,1
BRDA:485,60,0,1
BRDA:485,60,1,1
BRDA:486,61,0,0
BRDA:486,61,1,1
BRDA:493,62,0,1
BRDA:493,62,1,0
BRDA:494,63,0,1
BRDA:494,63,1,0
BRDA:528,64,0,0
BRDA:528,64,1,1
BRDA:533,65,0,0
BRDA:533,65,1,1
BRDA:533,66,0,1
BRDA:533,66,1,1
BRDA:540,67,0,0
BRDA:540,67,1,1
BRDA:573,68,0,0
BRDA:573,68,1,1
BRDA:594,69,0,4
BRDA:594,69,1,0
BRDA:639,70,0,0
BRDA:639,70,1,1
BRDA:660,71,0,4
BRDA:660,71,1,0
BRF:148
BRH:93
end_of_record
TN:
SF:src\backend\routes\profileRoutes.ts
FN:43,(anonymous_9)
FN:43,(anonymous_10)
FN:68,(anonymous_11)
FN:68,(anonymous_12)
FN:101,(anonymous_13)
FN:101,(anonymous_14)
FN:128,(anonymous_15)
FN:128,(anonymous_16)
FN:149,(anonymous_17)
FN:149,(anonymous_18)
FN:170,(anonymous_19)
FN:181,(anonymous_20)
FN:181,(anonymous_21)
FN:204,(anonymous_22)
FN:206,(anonymous_23)
FN:209,(anonymous_24)
FN:209,(anonymous_25)
FN:226,(anonymous_26)
FN:226,(anonymous_27)
FN:240,(anonymous_28)
FN:240,(anonymous_29)
FN:288,(anonymous_30)
FN:288,(anonymous_31)
FN:315,(anonymous_32)
FN:315,(anonymous_33)
FN:345,(anonymous_34)
FN:345,(anonymous_35)
FN:361,(anonymous_36)
FN:361,(anonymous_37)
FN:397,(anonymous_38)
FN:397,(anonymous_39)
FN:455,(anonymous_40)
FN:455,(anonymous_41)
FN:513,(anonymous_42)
FN:513,(anonymous_43)
FN:539,(anonymous_44)
FN:539,(anonymous_45)
FNF:37
FNH:37
FNDA:1,(anonymous_9)
FNDA:1,(anonymous_10)
FNDA:3,(anonymous_11)
FNDA:3,(anonymous_12)
FNDA:1,(anonymous_13)
FNDA:1,(anonymous_14)
FNDA:1,(anonymous_15)
FNDA:1,(anonymous_16)
FNDA:1,(anonymous_17)
FNDA:1,(anonymous_18)
FNDA:50,(anonymous_19)
FNDA:3,(anonymous_20)
FNDA:3,(anonymous_21)
FNDA:50,(anonymous_22)
FNDA:7,(anonymous_23)
FNDA:7,(anonymous_24)
FNDA:7,(anonymous_25)
FNDA:7,(anonymous_26)
FNDA:7,(anonymous_27)
FNDA:1,(anonymous_28)
FNDA:1,(anonymous_29)
FNDA:1,(anonymous_30)
FNDA:1,(anonymous_31)
FNDA:1,(anonymous_32)
FNDA:1,(anonymous_33)
FNDA:1,(anonymous_34)
FNDA:1,(anonymous_35)
FNDA:2,(anonymous_36)
FNDA:2,(anonymous_37)
FNDA:3,(anonymous_38)
FNDA:3,(anonymous_39)
FNDA:4,(anonymous_40)
FNDA:4,(anonymous_41)
FNDA:1,(anonymous_42)
FNDA:1,(anonymous_43)
FNDA:1,(anonymous_44)
FNDA:1,(anonymous_45)
DA:1,18
DA:2,18
DA:3,18
DA:4,18
DA:5,18
DA:6,18
DA:7,18
DA:8,18
DA:9,18
DA:10,18
DA:13,18
DA:43,18
DA:44,1
DA:45,1
DA:46,0
DA:49,1
DA:53,1
DA:54,0
DA:57,1
DA:68,18
DA:69,3
DA:70,3
DA:71,0
DA:74,3
DA:91,3
DA:92,0
DA:95,3
DA:101,18
DA:102,1
DA:103,1
DA:104,0
DA:107,1
DA:118,1
DA:119,0
DA:122,1
DA:128,18
DA:129,1
DA:130,1
DA:131,0
DA:134,1
DA:138,1
DA:139,0
DA:142,1
DA:149,18
DA:150,1
DA:152,1
DA:153,0
DA:156,1
DA:167,1
DA:168,0
DA:170,50
DA:175,1
DA:181,18
DA:182,3
DA:184,3
DA:185,0
DA:188,3
DA:189,3
DA:190,0
DA:193,3
DA:203,3
DA:204,50
DA:206,7
DA:208,3
DA:209,7
DA:210,7
DA:216,7
DA:220,3
DA:225,3
DA:226,7
DA:227,7
DA:234,3
DA:240,18
DA:249,1
DA:251,1
DA:252,0
DA:255,1
DA:256,0
DA:260,1
DA:261,1
DA:263,0
DA:266,1
DA:267,0
DA:270,1
DA:281,1
DA:288,18
DA:289,1
DA:291,1
DA:292,0
DA:295,1
DA:296,0
DA:299,1
DA:309,1
DA:315,18
DA:316,1
DA:323,1
DA:325,1
DA:327,1
DA:328,0
DA:331,1
DA:332,1
DA:333,1
DA:334,1
DA:335,1
DA:337,1
DA:339,1
DA:345,18
DA:346,1
DA:348,1
DA:350,1
DA:351,0
DA:354,1
DA:356,1
DA:361,18
DA:362,2
DA:364,2
DA:365,0
DA:368,2
DA:372,2
DA:373,0
DA:377,2
DA:387,2
DA:391,2
DA:397,18
DA:398,3
DA:401,3
DA:402,0
DA:410,3
DA:413,3
DA:417,3
DA:418,0
DA:422,3
DA:423,0
DA:427,3
DA:428,3
DA:429,0
DA:433,3
DA:434,1
DA:435,1
DA:436,1
DA:440,3
DA:441,3
DA:444,3
DA:447,3
DA:449,3
DA:455,18
DA:456,4
DA:459,4
DA:460,0
DA:468,4
DA:471,4
DA:475,4
DA:476,0
DA:480,4
DA:481,0
DA:485,4
DA:486,4
DA:487,0
DA:491,4
DA:492,1
DA:493,1
DA:494,1
DA:498,4
DA:499,4
DA:502,4
DA:505,4
DA:507,4
DA:513,18
DA:514,1
DA:515,1
DA:517,1
DA:518,0
DA:521,1
DA:525,1
DA:526,0
DA:530,1
DA:531,1
DA:533,1
DA:539,18
DA:540,1
DA:541,1
DA:543,1
DA:544,0
DA:546,1
DA:549,1
DA:550,0
DA:552,1
DA:553,1
DA:555,1
DA:563,18
LF:190
LH:156
BRDA:45,0,0,0
BRDA:45,0,1,1
BRDA:53,1,0,0
BRDA:53,1,1,1
BRDA:70,2,0,0
BRDA:70,2,1,3
BRDA:91,3,0,0
BRDA:91,3,1,3
BRDA:103,4,0,0
BRDA:103,4,1,1
BRDA:118,5,0,0
BRDA:118,5,1,1
BRDA:130,6,0,0
BRDA:130,6,1,1
BRDA:138,7,0,0
BRDA:138,7,1,1
BRDA:152,8,0,0
BRDA:152,8,1,1
BRDA:167,9,0,0
BRDA:167,9,1,1
BRDA:184,10,0,0
BRDA:184,10,1,3
BRDA:184,11,0,3
BRDA:184,11,1,3
BRDA:189,12,0,0
BRDA:189,12,1,3
BRDA:203,13,0,3
BRDA:203,13,1,0
BRDA:203,14,0,0
BRDA:203,14,1,3
BRDA:203,15,0,3
BRDA:203,15,1,3
BRDA:251,16,0,0
BRDA:251,16,1,1
BRDA:251,17,0,1
BRDA:251,17,1,1
BRDA:251,17,2,1
BRDA:251,17,3,1
BRDA:251,17,4,1
BRDA:255,18,0,0
BRDA:255,18,1,1
BRDA:255,19,0,1
BRDA:255,19,1,0
BRDA:260,20,0,1
BRDA:260,20,1,0
BRDA:266,21,0,0
BRDA:266,21,1,1
BRDA:277,22,0,0
BRDA:277,22,1,1
BRDA:278,23,0,1
BRDA:278,23,1,0
BRDA:291,24,0,0
BRDA:291,24,1,1
BRDA:291,25,0,1
BRDA:291,25,1,1
BRDA:295,26,0,0
BRDA:295,26,1,1
BRDA:295,27,0,1
BRDA:295,27,1,0
BRDA:327,28,0,0
BRDA:327,28,1,1
BRDA:331,29,0,1
BRDA:331,29,1,0
BRDA:332,30,0,1
BRDA:332,30,1,0
BRDA:333,31,0,0
BRDA:333,31,1,1
BRDA:334,32,0,1
BRDA:334,32,1,0
BRDA:334,33,0,1
BRDA:334,33,1,0
BRDA:335,34,0,1
BRDA:335,34,1,0
BRDA:350,35,0,0
BRDA:350,35,1,1
BRDA:364,36,0,0
BRDA:364,36,1,2
BRDA:372,37,0,0
BRDA:372,37,1,2
BRDA:401,38,0,0
BRDA:401,38,1,3
BRDA:401,39,0,3
BRDA:401,39,1,3
BRDA:417,40,0,0
BRDA:417,40,1,3
BRDA:422,41,0,0
BRDA:422,41,1,3
BRDA:428,42,0,0
BRDA:428,42,1,3
BRDA:433,43,0,1
BRDA:433,43,1,2
BRDA:440,44,0,3
BRDA:440,44,1,0
BRDA:441,45,0,3
BRDA:441,45,1,0
BRDA:459,46,0,0
BRDA:459,46,1,4
BRDA:459,47,0,4
BRDA:459,47,1,4
BRDA:475,48,0,0
BRDA:475,48,1,4
BRDA:480,49,0,0
BRDA:480,49,1,4
BRDA:486,50,0,0
BRDA:486,50,1,4
BRDA:491,51,0,1
BRDA:491,51,1,3
BRDA:498,52,0,4
BRDA:498,52,1,0
BRDA:499,53,0,4
BRDA:499,53,1,0
BRDA:517,54,0,0
BRDA:517,54,1,1
BRDA:517,55,0,1
BRDA:517,55,1,1
BRDA:525,56,0,0
BRDA:525,56,1,1
BRDA:543,57,0,0
BRDA:543,57,1,1
BRDA:543,58,0,1
BRDA:543,58,1,1
BRDA:549,59,0,0
BRDA:549,59,1,1
BRF:123
BRH:73
end_of_record
TN:
SF:src\backend\routes\registerLoginRoutes.ts
FN:17,validateEmail
FN:22,validateRegistration
FN:42,validateCompanyRegistration
FN:66,validateUserLogin
FN:81,(anonymous_13)
FN:81,(anonymous_14)
FN:108,(anonymous_15)
FN:108,(anonymous_16)
FN:150,(anonymous_17)
FN:150,(anonymous_18)
FN:202,(anonymous_19)
FN:202,(anonymous_20)
FN:260,(anonymous_21)
FN:260,(anonymous_22)
FN:313,(anonymous_23)
FN:313,(anonymous_24)
FN:369,(anonymous_25)
FN:369,(anonymous_26)
FNF:18
FNH:18
FNDA:58,validateEmail
FNDA:23,validateRegistration
FNDA:8,validateCompanyRegistration
FNDA:27,validateUserLogin
FNDA:6,(anonymous_13)
FNDA:6,(anonymous_14)
FNDA:8,(anonymous_15)
FNDA:8,(anonymous_16)
FNDA:12,(anonymous_17)
FNDA:12,(anonymous_18)
FNDA:11,(anonymous_19)
FNDA:11,(anonymous_20)
FNDA:15,(anonymous_21)
FNDA:15,(anonymous_22)
FNDA:12,(anonymous_23)
FNDA:12,(anonymous_24)
FNDA:4,(anonymous_25)
FNDA:4,(anonymous_26)
DA:1,18
DA:2,18
DA:3,18
DA:4,18
DA:5,18
DA:6,18
DA:7,18
DA:8,18
DA:9,18
DA:10,18
DA:11,18
DA:13,18
DA:14,18
DA:18,58
DA:19,58
DA:23,23
DA:24,23
DA:26,23
DA:27,2
DA:30,23
DA:31,2
DA:34,23
DA:35,2
DA:38,23
DA:43,8
DA:44,8
DA:46,8
DA:50,8
DA:51,1
DA:54,8
DA:55,1
DA:58,8
DA:59,1
DA:62,8
DA:63,8
DA:67,27
DA:68,27
DA:70,27
DA:71,0
DA:74,27
DA:75,0
DA:78,27
DA:81,18
DA:82,6
DA:85,6
DA:87,6
DA:88,6
DA:90,0
DA:94,6
DA:95,0
DA:98,6
DA:99,6
DA:100,0
DA:102,6
DA:108,18
DA:109,8
DA:110,8
DA:111,3
DA:114,5
DA:116,5
DA:120,5
DA:121,1
DA:124,4
DA:126,4
DA:135,4
DA:150,18
DA:151,12
DA:153,12
DA:154,12
DA:155,3
DA:158,9
DA:160,9
DA:162,9
DA:164,9
DA:165,1
DA:168,8
DA:170,8
DA:179,8
DA:185,8
DA:186,8
DA:188,8
DA:202,18
DA:203,11
DA:205,11
DA:206,11
DA:207,3
DA:210,8
DA:212,8
DA:214,8
DA:216,8
DA:217,1
DA:220,7
DA:222,7
DA:226,7
DA:236,7
DA:242,7
DA:243,7
DA:245,7
DA:260,18
DA:261,15
DA:262,15
DA:263,0
DA:266,15
DA:268,15
DA:270,15
DA:271,1
DA:274,14
DA:276,14
DA:277,1
DA:281,13
DA:287,13
DA:293,13
DA:296,13
DA:297,13
DA:299,13
DA:313,18
DA:314,12
DA:315,12
DA:316,0
DA:319,12
DA:320,12
DA:322,12
DA:323,0
DA:326,12
DA:328,12
DA:329,1
DA:332,11
DA:334,11
DA:335,0
DA:339,11
DA:345,11
DA:352,11
DA:353,11
DA:355,11
DA:369,18
DA:370,4
DA:372,4
DA:376,4
DA:377,1
DA:380,3
DA:382,3
DA:383,0
DA:387,3
DA:393,3
DA:408,18
LF:145
LH:135
BRDA:26,0,0,2
BRDA:26,0,1,21
BRDA:26,1,0,23
BRDA:26,1,1,23
BRDA:30,2,0,2
BRDA:30,2,1,21
BRDA:30,3,0,23
BRDA:30,3,1,23
BRDA:34,4,0,2
BRDA:34,4,1,21
BRDA:50,5,0,1
BRDA:50,5,1,7
BRDA:54,6,0,1
BRDA:54,6,1,7
BRDA:54,7,0,8
BRDA:54,7,1,8
BRDA:58,8,0,1
BRDA:58,8,1,7
BRDA:58,9,0,8
BRDA:58,9,1,8
BRDA:70,10,0,0
BRDA:70,10,1,27
BRDA:74,11,0,0
BRDA:74,11,1,27
BRDA:85,12,0,6
BRDA:85,12,1,0
BRDA:85,13,0,6
BRDA:85,13,1,6
BRDA:87,14,0,6
BRDA:87,14,1,0
BRDA:94,15,0,0
BRDA:94,15,1,6
BRDA:99,16,0,0
BRDA:99,16,1,6
BRDA:99,17,0,6
BRDA:99,17,1,6
BRDA:99,17,2,6
BRDA:110,18,0,3
BRDA:110,18,1,5
BRDA:120,19,0,1
BRDA:120,19,1,4
BRDA:131,20,0,4
BRDA:131,20,1,4
BRDA:132,21,0,4
BRDA:132,21,1,4
BRDA:154,22,0,3
BRDA:154,22,1,9
BRDA:164,23,0,1
BRDA:164,23,1,8
BRDA:206,24,0,3
BRDA:206,24,1,8
BRDA:216,25,0,1
BRDA:216,25,1,7
BRDA:231,26,0,0
BRDA:231,26,1,7
BRDA:262,27,0,0
BRDA:262,27,1,15
BRDA:270,28,0,1
BRDA:270,28,1,14
BRDA:276,29,0,1
BRDA:276,29,1,13
BRDA:315,30,0,0
BRDA:315,30,1,12
BRDA:320,31,0,12
BRDA:320,31,1,12
BRDA:322,32,0,0
BRDA:322,32,1,12
BRDA:328,33,0,1
BRDA:328,33,1,11
BRDA:334,34,0,0
BRDA:334,34,1,11
BRDA:376,35,0,1
BRDA:376,35,1,3
BRDA:382,36,0,0
BRDA:382,36,1,3
BRF:75
BRH:63
end_of_record
TN:
SF:src\backend\routes\skillsRoutes.ts
FN:27,(anonymous_8)
FN:27,(anonymous_9)
FN:49,(anonymous_10)
FN:60,(anonymous_11)
FN:60,(anonymous_12)
FN:77,(anonymous_13)
FN:80,(anonymous_14)
FN:84,(anonymous_15)
FN:84,(anonymous_16)
FN:99,(anonymous_17)
FN:99,(anonymous_18)
FN:119,(anonymous_19)
FN:119,(anonymous_20)
FNF:13
FNH:12
FNDA:3,(anonymous_8)
FNDA:3,(anonymous_9)
FNDA:105,(anonymous_10)
FNDA:1,(anonymous_11)
FNDA:1,(anonymous_12)
FNDA:0,(anonymous_13)
FNDA:1,(anonymous_14)
FNDA:1,(anonymous_15)
FNDA:1,(anonymous_16)
FNDA:1,(anonymous_17)
FNDA:1,(anonymous_18)
FNDA:2,(anonymous_19)
FNDA:2,(anonymous_20)
DA:1,18
DA:2,18
DA:3,18
DA:4,18
DA:5,18
DA:6,18
DA:7,18
DA:9,18
DA:27,18
DA:28,3
DA:30,2
DA:31,0
DA:34,2
DA:45,2
DA:46,0
DA:49,105
DA:54,2
DA:60,18
DA:61,1
DA:62,1
DA:64,1
DA:66,1
DA:68,1
DA:77,1
DA:80,1
DA:83,1
DA:84,1
DA:85,1
DA:92,1
DA:98,1
DA:99,1
DA:101,1
DA:107,1
DA:108,1
DA:119,18
DA:120,2
DA:121,2
DA:123,2
DA:124,1
DA:128,1
DA:129,1
DA:130,0
DA:134,1
DA:141,1
DA:147,18
LF:45
LH:42
BRDA:30,0,0,0
BRDA:30,0,1,2
BRDA:45,1,0,0
BRDA:45,1,1,2
BRDA:62,2,0,0
BRDA:62,2,1,1
BRDA:62,3,0,1
BRDA:62,3,1,1
BRDA:64,4,0,1
BRDA:64,4,1,0
BRDA:66,5,0,1
BRDA:66,5,1,0
BRDA:107,6,0,1
BRDA:107,6,1,0
BRDA:120,7,0,0
BRDA:120,7,1,2
BRDA:120,8,0,2
BRDA:120,8,1,2
BRDA:123,9,0,1
BRDA:123,9,1,1
BRDA:123,10,0,2
BRDA:123,10,1,2
BRDA:129,11,0,0
BRDA:129,11,1,1
BRF:24
BRH:16
end_of_record
TN:
SF:src\middleware\Auth.ts
FN:7,(anonymous_8)
FN:7,(anonymous_9)
FNF:2
FNH:2
FNDA:64,(anonymous_8)
FNDA:64,(anonymous_9)
DA:1,18
DA:2,18
DA:4,18
DA:6,18
DA:7,64
DA:8,64
DA:9,64
DA:11,64
DA:12,2
DA:13,2
DA:16,62
DA:17,62
DA:23,62
DA:24,0
DA:25,0
DA:28,62
DA:35,0
DA:36,0
DA:37,0
DA:42,18
LF:20
LH:15
BRDA:9,0,0,64
BRDA:9,0,1,62
BRDA:11,1,0,2
BRDA:11,1,1,62
BRDA:23,2,0,0
BRDA:23,2,1,62
BRDA:23,3,0,0
BRDA:23,3,1,62
BRDA:23,4,0,62
BRDA:23,4,1,62
BRDA:30,5,0,62
BRDA:30,5,1,0
BRF:12
BRH:9
end_of_record
TN:
SF:src\middleware\errorHandler.ts
FN:3,(anonymous_0)
FNF:1
FNH:1
FNDA:33,(anonymous_0)
DA:3,18
DA:9,33
DA:10,33
DA:14,18
LF:4
LH:4
BRDA:9,0,0,33
BRDA:9,0,1,0
BRDA:10,1,0,33
BRDA:10,1,1,31
BRF:4
BRH:3
end_of_record
TN:
SF:src\services\apiErrorHandler.ts
FN:6,(anonymous_0)
FN:17,(anonymous_1)
FNF:2
FNH:0
FNDA:0,(anonymous_0)
FNDA:0,(anonymous_1)
DA:1,0
DA:4,0
DA:6,0
DA:7,0
DA:10,0
DA:12,0
DA:13,0
DA:16,0
DA:18,0
DA:19,0
DA:24,0
DA:25,0
DA:27,0
DA:31,0
DA:32,0
DA:34,0
LF:16
LH:0
BRDA:7,0,0,0
BRDA:7,0,1,0
BRDA:7,1,0,0
BRDA:7,1,1,0
BRDA:10,2,0,0
BRDA:10,2,1,0
BRDA:12,3,0,0
BRDA:12,3,1,0
BRDA:31,4,0,0
BRDA:31,4,1,0
BRDA:31,5,0,0
BRDA:31,5,1,0
BRDA:31,6,0,0
BRDA:31,6,1,0
BRDA:31,7,0,0
BRDA:31,7,1,0
BRDA:31,8,0,0
BRDA:31,8,1,0
BRF:18
BRH:0
end_of_record
TN:
SF:src\services\chatService.ts
FN:5,(anonymous_7)
FN:5,(anonymous_8)
FN:21,(anonymous_9)
FN:21,(anonymous_10)
FN:48,(anonymous_11)
FN:48,(anonymous_12)
FN:89,(anonymous_13)
FN:89,(anonymous_14)
FN:103,(anonymous_15)
FN:117,(anonymous_16)
FN:121,(anonymous_17)
FN:153,(anonymous_18)
FN:156,(anonymous_19)
FN:183,(anonymous_20)
FN:183,(anonymous_21)
FNF:15
FNH:0
FNDA:0,(anonymous_7)
FNDA:0,(anonymous_8)
FNDA:0,(anonymous_9)
FNDA:0,(anonymous_10)
FNDA:0,(anonymous_11)
FNDA:0,(anonymous_12)
FNDA:0,(anonymous_13)
FNDA:0,(anonymous_14)
FNDA:0,(anonymous_15)
FNDA:0,(anonymous_16)
FNDA:0,(anonymous_17)
FNDA:0,(anonymous_18)
FNDA:0,(anonymous_19)
FNDA:0,(anonymous_20)
FNDA:0,(anonymous_21)
DA:1,0
DA:2,0
DA:5,0
DA:6,0
DA:7,0
DA:8,0
DA:9,0
DA:10,0
DA:12,0
DA:13,0
DA:15,0
DA:16,0
DA:21,0
DA:22,0
DA:23,0
DA:25,0
DA:26,0
DA:29,0
DA:35,0
DA:36,0
DA:37,0
DA:40,0
DA:42,0
DA:43,0
DA:48,0
DA:49,0
DA:50,0
DA:51,0
DA:57,0
DA:58,0
DA:60,0
DA:61,0
DA:63,0
DA:64,0
DA:89,0
DA:90,0
DA:91,0
DA:92,0
DA:93,0
DA:96,0
DA:102,0
DA:103,0
DA:106,0
DA:109,0
DA:111,0
DA:112,0
DA:117,0
DA:121,0
DA:122,0
DA:123,0
DA:124,0
DA:125,0
DA:127,0
DA:140,0
DA:141,0
DA:142,0
DA:145,0
DA:147,0
DA:148,0
DA:153,0
DA:156,0
DA:157,0
DA:158,0
DA:160,0
DA:170,0
DA:171,0
DA:172,0
DA:175,0
DA:177,0
DA:178,0
DA:183,0
DA:184,0
DA:185,0
DA:186,0
DA:187,0
DA:189,0
DA:196,0
DA:197,0
DA:198,0
DA:201,0
DA:203,0
DA:204,0
LF:82
LH:0
BRDA:9,0,0,0
BRDA:9,0,1,0
BRDA:25,1,0,0
BRDA:25,1,1,0
BRDA:25,2,0,0
BRDA:25,2,1,0
BRDA:35,3,0,0
BRDA:35,3,1,0
BRDA:37,4,0,0
BRDA:37,4,1,0
BRDA:48,5,0,0
BRDA:57,6,0,0
BRDA:57,6,1,0
BRDA:91,7,0,0
BRDA:91,7,1,0
BRDA:102,8,0,0
BRDA:102,8,1,0
BRDA:106,9,0,0
BRDA:106,9,1,0
BRDA:140,10,0,0
BRDA:140,10,1,0
BRDA:142,11,0,0
BRDA:142,11,1,0
BRDA:170,12,0,0
BRDA:170,12,1,0
BRDA:172,13,0,0
BRDA:172,13,1,0
BRDA:187,14,0,0
BRDA:187,14,1,0
BRDA:196,15,0,0
BRDA:196,15,1,0
BRDA:198,16,0,0
BRDA:198,16,1,0
BRF:33
BRH:0
end_of_record
TN:
SF:src\utils\controllerWrapper.ts
FN:9,controllerWrapper
FN:10,(anonymous_8)
FN:10,(anonymous_9)
FNF:3
FNH:3
FNDA:1062,controllerWrapper
FNDA:147,(anonymous_8)
FNDA:147,(anonymous_9)
DA:9,18
DA:10,1062
DA:11,147
DA:12,147
DA:13,129
DA:15,31
LF:6
LH:6
BRF:0
BRH:0
end_of_record
TN:
SF:src\utils\middlewareWrapper.ts
FN:9,middlewareWrapper
FN:12,(anonymous_8)
FN:12,(anonymous_9)
FNF:3
FNH:3
FNDA:36,middlewareWrapper
FNDA:68,(anonymous_8)
FNDA:68,(anonymous_9)
DA:9,18
DA:12,68
DA:13,68
DA:14,68
DA:15,66
DA:17,2
LF:6
LH:6
BRF:0
BRH:0
end_of_record
